

Started GET "/" for 127.0.0.1 at 2013-07-15 18:50:16 +1000
Processing by Rails::WelcomeController#index as HTML
  Rendered /Users/tanyas/.rvm/gems/ruby-2.0.0-p195/gems/railties-4.0.0/lib/rails/templates/rails/welcome/index.html.erb (1.2ms)
Completed 200 OK in 21ms (Views: 5.5ms | ActiveRecord: 0.0ms)


Started GET "/" for 127.0.0.1 at 2013-07-15 19:09:27 +1000

ActionController::RoutingError (uninitialized constant WelcomeController):
  activesupport (4.0.0) lib/active_support/inflector/methods.rb:226:in `const_get'
  activesupport (4.0.0) lib/active_support/inflector/methods.rb:226:in `block in constantize'
  activesupport (4.0.0) lib/active_support/inflector/methods.rb:224:in `each'
  activesupport (4.0.0) lib/active_support/inflector/methods.rb:224:in `inject'
  activesupport (4.0.0) lib/active_support/inflector/methods.rb:224:in `constantize'
  actionpack (4.0.0) lib/action_dispatch/routing/route_set.rb:76:in `controller_reference'
  actionpack (4.0.0) lib/action_dispatch/routing/route_set.rb:66:in `controller'
  actionpack (4.0.0) lib/action_dispatch/routing/route_set.rb:44:in `call'
  actionpack (4.0.0) lib/action_dispatch/journey/router.rb:71:in `block in call'
  actionpack (4.0.0) lib/action_dispatch/journey/router.rb:59:in `each'
  actionpack (4.0.0) lib/action_dispatch/journey/router.rb:59:in `call'
  actionpack (4.0.0) lib/action_dispatch/routing/route_set.rb:655:in `call'
  rack (1.5.2) lib/rack/etag.rb:23:in `call'
  rack (1.5.2) lib/rack/conditionalget.rb:25:in `call'
  rack (1.5.2) lib/rack/head.rb:11:in `call'
  actionpack (4.0.0) lib/action_dispatch/middleware/params_parser.rb:27:in `call'
  actionpack (4.0.0) lib/action_dispatch/middleware/flash.rb:241:in `call'
  rack (1.5.2) lib/rack/session/abstract/id.rb:225:in `context'
  rack (1.5.2) lib/rack/session/abstract/id.rb:220:in `call'
  actionpack (4.0.0) lib/action_dispatch/middleware/cookies.rb:486:in `call'
  activerecord (4.0.0) lib/active_record/query_cache.rb:36:in `call'
  activerecord (4.0.0) lib/active_record/connection_adapters/abstract/connection_pool.rb:626:in `call'
  activerecord (4.0.0) lib/active_record/migration.rb:369:in `call'
  actionpack (4.0.0) lib/action_dispatch/middleware/callbacks.rb:29:in `block in call'
  activesupport (4.0.0) lib/active_support/callbacks.rb:373:in `_run__2420316214737046283__call__callbacks'
  activesupport (4.0.0) lib/active_support/callbacks.rb:80:in `run_callbacks'
  actionpack (4.0.0) lib/action_dispatch/middleware/callbacks.rb:27:in `call'
  actionpack (4.0.0) lib/action_dispatch/middleware/reloader.rb:64:in `call'
  actionpack (4.0.0) lib/action_dispatch/middleware/remote_ip.rb:76:in `call'
  actionpack (4.0.0) lib/action_dispatch/middleware/debug_exceptions.rb:17:in `call'
  actionpack (4.0.0) lib/action_dispatch/middleware/show_exceptions.rb:30:in `call'
  railties (4.0.0) lib/rails/rack/logger.rb:38:in `call_app'
  railties (4.0.0) lib/rails/rack/logger.rb:21:in `block in call'
  activesupport (4.0.0) lib/active_support/tagged_logging.rb:67:in `block in tagged'
  activesupport (4.0.0) lib/active_support/tagged_logging.rb:25:in `tagged'
  activesupport (4.0.0) lib/active_support/tagged_logging.rb:67:in `tagged'
  railties (4.0.0) lib/rails/rack/logger.rb:21:in `call'
  actionpack (4.0.0) lib/action_dispatch/middleware/request_id.rb:21:in `call'
  rack (1.5.2) lib/rack/methodoverride.rb:21:in `call'
  rack (1.5.2) lib/rack/runtime.rb:17:in `call'
  activesupport (4.0.0) lib/active_support/cache/strategy/local_cache.rb:83:in `call'
  rack (1.5.2) lib/rack/lock.rb:17:in `call'
  actionpack (4.0.0) lib/action_dispatch/middleware/static.rb:64:in `call'
  railties (4.0.0) lib/rails/engine.rb:511:in `call'
  railties (4.0.0) lib/rails/application.rb:97:in `call'
  rack (1.5.2) lib/rack/lock.rb:17:in `call'
  rack (1.5.2) lib/rack/content_length.rb:14:in `call'
  rack (1.5.2) lib/rack/handler/webrick.rb:60:in `service'
  /Users/tanyas/.rvm/rubies/ruby-2.0.0-p195/lib/ruby/2.0.0/webrick/httpserver.rb:138:in `service'
  /Users/tanyas/.rvm/rubies/ruby-2.0.0-p195/lib/ruby/2.0.0/webrick/httpserver.rb:94:in `run'
  /Users/tanyas/.rvm/rubies/ruby-2.0.0-p195/lib/ruby/2.0.0/webrick/server.rb:295:in `block in start_thread'


  Rendered /Users/tanyas/.rvm/gems/ruby-2.0.0-p195/gems/actionpack-4.0.0/lib/action_dispatch/middleware/templates/rescues/_trace.erb (1.0ms)
  Rendered /Users/tanyas/.rvm/gems/ruby-2.0.0-p195/gems/actionpack-4.0.0/lib/action_dispatch/middleware/templates/routes/_route.html.erb (0.8ms)
  Rendered /Users/tanyas/.rvm/gems/ruby-2.0.0-p195/gems/actionpack-4.0.0/lib/action_dispatch/middleware/templates/routes/_table.html.erb (4.3ms)
  Rendered /Users/tanyas/.rvm/gems/ruby-2.0.0-p195/gems/actionpack-4.0.0/lib/action_dispatch/middleware/templates/rescues/routing_error.erb within rescues/layout (24.5ms)


Started GET "/" for 127.0.0.1 at 2013-07-15 19:09:32 +1000

RuntimeError (You should not use the `match` method in your router without specifying an HTTP method.
If you want to expose your action to both GET and POST, add `via: [:get, :post]` option.
If you want to expose your action to GET, use `get` in the router:
  Instead of: match "controller#action"
  Do: get "controller#action"):
  config/routes.rb:3:in `block in <top (required)>'
  config/routes.rb:1:in `<top (required)>'


  Rendered /Users/tanyas/.rvm/gems/ruby-2.0.0-p195/gems/actionpack-4.0.0/lib/action_dispatch/middleware/templates/rescues/_source.erb (0.8ms)
  Rendered /Users/tanyas/.rvm/gems/ruby-2.0.0-p195/gems/actionpack-4.0.0/lib/action_dispatch/middleware/templates/rescues/_trace.erb (0.9ms)
  Rendered /Users/tanyas/.rvm/gems/ruby-2.0.0-p195/gems/actionpack-4.0.0/lib/action_dispatch/middleware/templates/rescues/_request_and_response.erb (0.8ms)
  Rendered /Users/tanyas/.rvm/gems/ruby-2.0.0-p195/gems/actionpack-4.0.0/lib/action_dispatch/middleware/templates/rescues/diagnostics.erb within rescues/layout (15.8ms)


Started GET "/" for 127.0.0.1 at 2013-07-15 19:09:41 +1000

ActionController::RoutingError (uninitialized constant WelcomeController):
  activesupport (4.0.0) lib/active_support/inflector/methods.rb:226:in `const_get'
  activesupport (4.0.0) lib/active_support/inflector/methods.rb:226:in `block in constantize'
  activesupport (4.0.0) lib/active_support/inflector/methods.rb:224:in `each'
  activesupport (4.0.0) lib/active_support/inflector/methods.rb:224:in `inject'
  activesupport (4.0.0) lib/active_support/inflector/methods.rb:224:in `constantize'
  actionpack (4.0.0) lib/action_dispatch/routing/route_set.rb:76:in `controller_reference'
  actionpack (4.0.0) lib/action_dispatch/routing/route_set.rb:66:in `controller'
  actionpack (4.0.0) lib/action_dispatch/routing/route_set.rb:44:in `call'
  actionpack (4.0.0) lib/action_dispatch/journey/router.rb:71:in `block in call'
  actionpack (4.0.0) lib/action_dispatch/journey/router.rb:59:in `each'
  actionpack (4.0.0) lib/action_dispatch/journey/router.rb:59:in `call'
  actionpack (4.0.0) lib/action_dispatch/routing/route_set.rb:655:in `call'
  rack (1.5.2) lib/rack/etag.rb:23:in `call'
  rack (1.5.2) lib/rack/conditionalget.rb:25:in `call'
  rack (1.5.2) lib/rack/head.rb:11:in `call'
  actionpack (4.0.0) lib/action_dispatch/middleware/params_parser.rb:27:in `call'
  actionpack (4.0.0) lib/action_dispatch/middleware/flash.rb:241:in `call'
  rack (1.5.2) lib/rack/session/abstract/id.rb:225:in `context'
  rack (1.5.2) lib/rack/session/abstract/id.rb:220:in `call'
  actionpack (4.0.0) lib/action_dispatch/middleware/cookies.rb:486:in `call'
  activerecord (4.0.0) lib/active_record/query_cache.rb:36:in `call'
  activerecord (4.0.0) lib/active_record/connection_adapters/abstract/connection_pool.rb:626:in `call'
  activerecord (4.0.0) lib/active_record/migration.rb:369:in `call'
  actionpack (4.0.0) lib/action_dispatch/middleware/callbacks.rb:29:in `block in call'
  activesupport (4.0.0) lib/active_support/callbacks.rb:373:in `_run__2420316214737046283__call__callbacks'
  activesupport (4.0.0) lib/active_support/callbacks.rb:80:in `run_callbacks'
  actionpack (4.0.0) lib/action_dispatch/middleware/callbacks.rb:27:in `call'
  actionpack (4.0.0) lib/action_dispatch/middleware/reloader.rb:64:in `call'
  actionpack (4.0.0) lib/action_dispatch/middleware/remote_ip.rb:76:in `call'
  actionpack (4.0.0) lib/action_dispatch/middleware/debug_exceptions.rb:17:in `call'
  actionpack (4.0.0) lib/action_dispatch/middleware/show_exceptions.rb:30:in `call'
  railties (4.0.0) lib/rails/rack/logger.rb:38:in `call_app'
  railties (4.0.0) lib/rails/rack/logger.rb:21:in `block in call'
  activesupport (4.0.0) lib/active_support/tagged_logging.rb:67:in `block in tagged'
  activesupport (4.0.0) lib/active_support/tagged_logging.rb:25:in `tagged'
  activesupport (4.0.0) lib/active_support/tagged_logging.rb:67:in `tagged'
  railties (4.0.0) lib/rails/rack/logger.rb:21:in `call'
  actionpack (4.0.0) lib/action_dispatch/middleware/request_id.rb:21:in `call'
  rack (1.5.2) lib/rack/methodoverride.rb:21:in `call'
  rack (1.5.2) lib/rack/runtime.rb:17:in `call'
  activesupport (4.0.0) lib/active_support/cache/strategy/local_cache.rb:83:in `call'
  rack (1.5.2) lib/rack/lock.rb:17:in `call'
  actionpack (4.0.0) lib/action_dispatch/middleware/static.rb:64:in `call'
  railties (4.0.0) lib/rails/engine.rb:511:in `call'
  railties (4.0.0) lib/rails/application.rb:97:in `call'
  rack (1.5.2) lib/rack/lock.rb:17:in `call'
  rack (1.5.2) lib/rack/content_length.rb:14:in `call'
  rack (1.5.2) lib/rack/handler/webrick.rb:60:in `service'
  /Users/tanyas/.rvm/rubies/ruby-2.0.0-p195/lib/ruby/2.0.0/webrick/httpserver.rb:138:in `service'
  /Users/tanyas/.rvm/rubies/ruby-2.0.0-p195/lib/ruby/2.0.0/webrick/httpserver.rb:94:in `run'
  /Users/tanyas/.rvm/rubies/ruby-2.0.0-p195/lib/ruby/2.0.0/webrick/server.rb:295:in `block in start_thread'


  Rendered /Users/tanyas/.rvm/gems/ruby-2.0.0-p195/gems/actionpack-4.0.0/lib/action_dispatch/middleware/templates/rescues/_trace.erb (0.9ms)
  Rendered /Users/tanyas/.rvm/gems/ruby-2.0.0-p195/gems/actionpack-4.0.0/lib/action_dispatch/middleware/templates/routes/_route.html.erb (0.6ms)
  Rendered /Users/tanyas/.rvm/gems/ruby-2.0.0-p195/gems/actionpack-4.0.0/lib/action_dispatch/middleware/templates/routes/_table.html.erb (1.2ms)
  Rendered /Users/tanyas/.rvm/gems/ruby-2.0.0-p195/gems/actionpack-4.0.0/lib/action_dispatch/middleware/templates/rescues/routing_error.erb within rescues/layout (14.3ms)


Started GET "/" for 127.0.0.1 at 2013-07-15 19:12:33 +1000

ActionController::RoutingError (uninitialized constant ApplicationController::Base):
  app/controllers/welcome_controller.rb:1:in `<top (required)>'


  Rendered /Users/tanyas/.rvm/gems/ruby-2.0.0-p195/gems/actionpack-4.0.0/lib/action_dispatch/middleware/templates/rescues/_trace.erb (0.9ms)
  Rendered /Users/tanyas/.rvm/gems/ruby-2.0.0-p195/gems/actionpack-4.0.0/lib/action_dispatch/middleware/templates/routes/_route.html.erb (0.6ms)
  Rendered /Users/tanyas/.rvm/gems/ruby-2.0.0-p195/gems/actionpack-4.0.0/lib/action_dispatch/middleware/templates/routes/_table.html.erb (0.9ms)
  Rendered /Users/tanyas/.rvm/gems/ruby-2.0.0-p195/gems/actionpack-4.0.0/lib/action_dispatch/middleware/templates/rescues/routing_error.erb within rescues/layout (14.0ms)


Started GET "/" for 127.0.0.1 at 2013-07-15 19:13:08 +1000

ActionController::RoutingError (uninitialized constant ApplicationController::Base):
  app/controllers/welcome_controller.rb:1:in `<top (required)>'


  Rendered /Users/tanyas/.rvm/gems/ruby-2.0.0-p195/gems/actionpack-4.0.0/lib/action_dispatch/middleware/templates/rescues/_trace.erb (0.9ms)
  Rendered /Users/tanyas/.rvm/gems/ruby-2.0.0-p195/gems/actionpack-4.0.0/lib/action_dispatch/middleware/templates/routes/_route.html.erb (0.7ms)
  Rendered /Users/tanyas/.rvm/gems/ruby-2.0.0-p195/gems/actionpack-4.0.0/lib/action_dispatch/middleware/templates/routes/_table.html.erb (0.9ms)
  Rendered /Users/tanyas/.rvm/gems/ruby-2.0.0-p195/gems/actionpack-4.0.0/lib/action_dispatch/middleware/templates/rescues/routing_error.erb within rescues/layout (14.1ms)


Started GET "/" for 127.0.0.1 at 2013-07-15 19:13:08 +1000

ActionController::RoutingError (uninitialized constant ApplicationController::Base):
  app/controllers/welcome_controller.rb:1:in `<top (required)>'


  Rendered /Users/tanyas/.rvm/gems/ruby-2.0.0-p195/gems/actionpack-4.0.0/lib/action_dispatch/middleware/templates/rescues/_trace.erb (1.0ms)
  Rendered /Users/tanyas/.rvm/gems/ruby-2.0.0-p195/gems/actionpack-4.0.0/lib/action_dispatch/middleware/templates/routes/_route.html.erb (0.6ms)
  Rendered /Users/tanyas/.rvm/gems/ruby-2.0.0-p195/gems/actionpack-4.0.0/lib/action_dispatch/middleware/templates/routes/_table.html.erb (1.0ms)
  Rendered /Users/tanyas/.rvm/gems/ruby-2.0.0-p195/gems/actionpack-4.0.0/lib/action_dispatch/middleware/templates/rescues/routing_error.erb within rescues/layout (14.7ms)


Started GET "/" for 127.0.0.1 at 2013-07-15 19:13:28 +1000

ActionController::RoutingError (uninitialized constant ApplicationController::Base):
  app/controllers/welcome_controller.rb:1:in `<top (required)>'


  Rendered /Users/tanyas/.rvm/gems/ruby-2.0.0-p195/gems/actionpack-4.0.0/lib/action_dispatch/middleware/templates/rescues/_trace.erb (1.0ms)
  Rendered /Users/tanyas/.rvm/gems/ruby-2.0.0-p195/gems/actionpack-4.0.0/lib/action_dispatch/middleware/templates/routes/_route.html.erb (0.6ms)
  Rendered /Users/tanyas/.rvm/gems/ruby-2.0.0-p195/gems/actionpack-4.0.0/lib/action_dispatch/middleware/templates/routes/_table.html.erb (0.9ms)
  Rendered /Users/tanyas/.rvm/gems/ruby-2.0.0-p195/gems/actionpack-4.0.0/lib/action_dispatch/middleware/templates/rescues/routing_error.erb within rescues/layout (14.0ms)


Started GET "/" for 127.0.0.1 at 2013-07-15 19:13:41 +1000
Processing by WelcomeController#index as HTML
  Rendered text template (0.0ms)
Completed 200 OK in 2ms (Views: 1.4ms | ActiveRecord: 0.0ms)


Started GET "/" for 127.0.0.1 at 2013-07-15 19:20:59 +1000
Processing by WelcomeController#index as HTML
Completed 500 Internal Server Error in 2ms

ActionView::MissingTemplate (Missing template welcome/index, application/index with {:locale=>[:en], :formats=>[:html], :handlers=>[:erb, :builder, :raw, :ruby, :jbuilder, :coffee]}. Searched in:
  * "/Users/tanyas/Sites/BEWDiful_Students/07_My_First_Rails_App/code_alongs/hello_world/app/views"
):
  actionpack (4.0.0) lib/action_view/path_set.rb:46:in `find'
  actionpack (4.0.0) lib/action_view/lookup_context.rb:115:in `find'
  actionpack (4.0.0) lib/action_view/renderer/abstract_renderer.rb:18:in `find_template'
  actionpack (4.0.0) lib/action_view/renderer/template_renderer.rb:35:in `determine_template'
  actionpack (4.0.0) lib/action_view/renderer/template_renderer.rb:8:in `render'
  actionpack (4.0.0) lib/action_view/renderer/renderer.rb:42:in `render_template'
  actionpack (4.0.0) lib/action_view/renderer/renderer.rb:23:in `render'
  actionpack (4.0.0) lib/abstract_controller/rendering.rb:127:in `_render_template'
  actionpack (4.0.0) lib/action_controller/metal/streaming.rb:219:in `_render_template'
  actionpack (4.0.0) lib/abstract_controller/rendering.rb:120:in `render_to_body'
  actionpack (4.0.0) lib/action_controller/metal/rendering.rb:33:in `render_to_body'
  actionpack (4.0.0) lib/action_controller/metal/renderers.rb:26:in `render_to_body'
  actionpack (4.0.0) lib/abstract_controller/rendering.rb:97:in `render'
  actionpack (4.0.0) lib/action_controller/metal/rendering.rb:16:in `render'
  actionpack (4.0.0) lib/action_controller/metal/instrumentation.rb:41:in `block (2 levels) in render'
  activesupport (4.0.0) lib/active_support/core_ext/benchmark.rb:12:in `block in ms'
  /Users/tanyas/.rvm/rubies/ruby-2.0.0-p195/lib/ruby/2.0.0/benchmark.rb:296:in `realtime'
  activesupport (4.0.0) lib/active_support/core_ext/benchmark.rb:12:in `ms'
  actionpack (4.0.0) lib/action_controller/metal/instrumentation.rb:41:in `block in render'
  actionpack (4.0.0) lib/action_controller/metal/instrumentation.rb:84:in `cleanup_view_runtime'
  activerecord (4.0.0) lib/active_record/railties/controller_runtime.rb:25:in `cleanup_view_runtime'
  actionpack (4.0.0) lib/action_controller/metal/instrumentation.rb:40:in `render'
  actionpack (4.0.0) lib/action_controller/metal/implicit_render.rb:10:in `default_render'
  actionpack (4.0.0) lib/action_controller/metal/implicit_render.rb:5:in `send_action'
  actionpack (4.0.0) lib/abstract_controller/base.rb:189:in `process_action'
  actionpack (4.0.0) lib/action_controller/metal/rendering.rb:10:in `process_action'
  actionpack (4.0.0) lib/abstract_controller/callbacks.rb:18:in `block in process_action'
  activesupport (4.0.0) lib/active_support/callbacks.rb:403:in `_run__3320844399504703619__process_action__callbacks'
  activesupport (4.0.0) lib/active_support/callbacks.rb:80:in `run_callbacks'
  actionpack (4.0.0) lib/abstract_controller/callbacks.rb:17:in `process_action'
  actionpack (4.0.0) lib/action_controller/metal/rescue.rb:29:in `process_action'
  actionpack (4.0.0) lib/action_controller/metal/instrumentation.rb:31:in `block in process_action'
  activesupport (4.0.0) lib/active_support/notifications.rb:159:in `block in instrument'
  activesupport (4.0.0) lib/active_support/notifications/instrumenter.rb:20:in `instrument'
  activesupport (4.0.0) lib/active_support/notifications.rb:159:in `instrument'
  actionpack (4.0.0) lib/action_controller/metal/instrumentation.rb:30:in `process_action'
  actionpack (4.0.0) lib/action_controller/metal/params_wrapper.rb:245:in `process_action'
  activerecord (4.0.0) lib/active_record/railties/controller_runtime.rb:18:in `process_action'
  actionpack (4.0.0) lib/abstract_controller/base.rb:136:in `process'
  actionpack (4.0.0) lib/abstract_controller/rendering.rb:44:in `process'
  actionpack (4.0.0) lib/action_controller/metal.rb:195:in `dispatch'
  actionpack (4.0.0) lib/action_controller/metal/rack_delegation.rb:13:in `dispatch'
  actionpack (4.0.0) lib/action_controller/metal.rb:231:in `block in action'
  actionpack (4.0.0) lib/action_dispatch/routing/route_set.rb:80:in `call'
  actionpack (4.0.0) lib/action_dispatch/routing/route_set.rb:80:in `dispatch'
  actionpack (4.0.0) lib/action_dispatch/routing/route_set.rb:48:in `call'
  actionpack (4.0.0) lib/action_dispatch/journey/router.rb:71:in `block in call'
  actionpack (4.0.0) lib/action_dispatch/journey/router.rb:59:in `each'
  actionpack (4.0.0) lib/action_dispatch/journey/router.rb:59:in `call'
  actionpack (4.0.0) lib/action_dispatch/routing/route_set.rb:655:in `call'
  rack (1.5.2) lib/rack/etag.rb:23:in `call'
  rack (1.5.2) lib/rack/conditionalget.rb:25:in `call'
  rack (1.5.2) lib/rack/head.rb:11:in `call'
  actionpack (4.0.0) lib/action_dispatch/middleware/params_parser.rb:27:in `call'
  actionpack (4.0.0) lib/action_dispatch/middleware/flash.rb:241:in `call'
  rack (1.5.2) lib/rack/session/abstract/id.rb:225:in `context'
  rack (1.5.2) lib/rack/session/abstract/id.rb:220:in `call'
  actionpack (4.0.0) lib/action_dispatch/middleware/cookies.rb:486:in `call'
  activerecord (4.0.0) lib/active_record/query_cache.rb:36:in `call'
  activerecord (4.0.0) lib/active_record/connection_adapters/abstract/connection_pool.rb:626:in `call'
  activerecord (4.0.0) lib/active_record/migration.rb:369:in `call'
  actionpack (4.0.0) lib/action_dispatch/middleware/callbacks.rb:29:in `block in call'
  activesupport (4.0.0) lib/active_support/callbacks.rb:373:in `_run__2420316214737046283__call__callbacks'
  activesupport (4.0.0) lib/active_support/callbacks.rb:80:in `run_callbacks'
  actionpack (4.0.0) lib/action_dispatch/middleware/callbacks.rb:27:in `call'
  actionpack (4.0.0) lib/action_dispatch/middleware/reloader.rb:64:in `call'
  actionpack (4.0.0) lib/action_dispatch/middleware/remote_ip.rb:76:in `call'
  actionpack (4.0.0) lib/action_dispatch/middleware/debug_exceptions.rb:17:in `call'
  actionpack (4.0.0) lib/action_dispatch/middleware/show_exceptions.rb:30:in `call'
  railties (4.0.0) lib/rails/rack/logger.rb:38:in `call_app'
  railties (4.0.0) lib/rails/rack/logger.rb:21:in `block in call'
  activesupport (4.0.0) lib/active_support/tagged_logging.rb:67:in `block in tagged'
  activesupport (4.0.0) lib/active_support/tagged_logging.rb:25:in `tagged'
  activesupport (4.0.0) lib/active_support/tagged_logging.rb:67:in `tagged'
  railties (4.0.0) lib/rails/rack/logger.rb:21:in `call'
  actionpack (4.0.0) lib/action_dispatch/middleware/request_id.rb:21:in `call'
  rack (1.5.2) lib/rack/methodoverride.rb:21:in `call'
  rack (1.5.2) lib/rack/runtime.rb:17:in `call'
  activesupport (4.0.0) lib/active_support/cache/strategy/local_cache.rb:83:in `call'
  rack (1.5.2) lib/rack/lock.rb:17:in `call'
  actionpack (4.0.0) lib/action_dispatch/middleware/static.rb:64:in `call'
  railties (4.0.0) lib/rails/engine.rb:511:in `call'
  railties (4.0.0) lib/rails/application.rb:97:in `call'
  rack (1.5.2) lib/rack/lock.rb:17:in `call'
  rack (1.5.2) lib/rack/content_length.rb:14:in `call'
  rack (1.5.2) lib/rack/handler/webrick.rb:60:in `service'
  /Users/tanyas/.rvm/rubies/ruby-2.0.0-p195/lib/ruby/2.0.0/webrick/httpserver.rb:138:in `service'
  /Users/tanyas/.rvm/rubies/ruby-2.0.0-p195/lib/ruby/2.0.0/webrick/httpserver.rb:94:in `run'
  /Users/tanyas/.rvm/rubies/ruby-2.0.0-p195/lib/ruby/2.0.0/webrick/server.rb:295:in `block in start_thread'


  Rendered /Users/tanyas/.rvm/gems/ruby-2.0.0-p195/gems/actionpack-4.0.0/lib/action_dispatch/middleware/templates/rescues/missing_template.erb within rescues/layout (0.4ms)


Started GET "/" for 127.0.0.1 at 2013-07-15 19:23:15 +1000
Processing by WelcomeController#index as HTML
  Rendered welcome/index.html.erb within layouts/application (0.3ms)
Completed 200 OK in 576ms (Views: 575.8ms | ActiveRecord: 0.0ms)


Started GET "/assets/application.css?body=1" for 127.0.0.1 at 2013-07-15 19:23:15 +1000


Started GET "/assets/jquery.js?body=1" for 127.0.0.1 at 2013-07-15 19:23:15 +1000


Started GET "/assets/jquery_ujs.js?body=1" for 127.0.0.1 at 2013-07-15 19:23:15 +1000


Started GET "/assets/turbolinks.js?body=1" for 127.0.0.1 at 2013-07-15 19:23:15 +1000


Started GET "/assets/application.js?body=1" for 127.0.0.1 at 2013-07-15 19:23:15 +1000


Started GET "/" for 127.0.0.1 at 2013-07-15 19:27:05 +1000
Processing by WelcomeController#index as HTML
  Rendered welcome/index.html.erb within layouts/application (0.4ms)
Completed 200 OK in 5ms (Views: 3.9ms | ActiveRecord: 0.0ms)


Started GET "/assets/application.css?body=1" for 127.0.0.1 at 2013-07-15 19:27:05 +1000


Started GET "/assets/jquery.js?body=1" for 127.0.0.1 at 2013-07-15 19:27:05 +1000


Started GET "/assets/jquery_ujs.js?body=1" for 127.0.0.1 at 2013-07-15 19:27:05 +1000


Started GET "/assets/application.js?body=1" for 127.0.0.1 at 2013-07-15 19:27:05 +1000


Started GET "/assets/turbolinks.js?body=1" for 127.0.0.1 at 2013-07-15 19:27:05 +1000


Started GET "/" for 127.0.0.1 at 2013-07-15 19:27:11 +1000
Processing by WelcomeController#index as HTML
  Rendered welcome/index.html.erb within layouts/application (0.1ms)
Completed 200 OK in 4ms (Views: 3.3ms | ActiveRecord: 0.0ms)


Started GET "/assets/jquery.js?body=1" for 127.0.0.1 at 2013-07-15 19:27:11 +1000


Started GET "/assets/jquery_ujs.js?body=1" for 127.0.0.1 at 2013-07-15 19:27:12 +1000


Started GET "/assets/application.css?body=1" for 127.0.0.1 at 2013-07-15 19:27:12 +1000


Started GET "/assets/turbolinks.js?body=1" for 127.0.0.1 at 2013-07-15 19:27:12 +1000


Started GET "/assets/application.js?body=1" for 127.0.0.1 at 2013-07-15 19:27:12 +1000


Started GET "/" for 127.0.0.1 at 2013-07-15 19:27:37 +1000
Processing by WelcomeController#index as HTML
  Rendered welcome/index.html.erb within layouts/application (0.4ms)
Completed 200 OK in 4ms (Views: 3.3ms | ActiveRecord: 0.0ms)


Started GET "/assets/application.css?body=1" for 127.0.0.1 at 2013-07-15 19:27:37 +1000


Started GET "/assets/jquery_ujs.js?body=1" for 127.0.0.1 at 2013-07-15 19:27:37 +1000


Started GET "/assets/turbolinks.js?body=1" for 127.0.0.1 at 2013-07-15 19:27:37 +1000


Started GET "/assets/application.js?body=1" for 127.0.0.1 at 2013-07-15 19:27:37 +1000


Started GET "/assets/jquery.js?body=1" for 127.0.0.1 at 2013-07-15 19:27:37 +1000


Started GET "/" for 127.0.0.1 at 2013-07-15 19:27:49 +1000
Processing by WelcomeController#index as HTML
  Rendered welcome/index.html.erb within layouts/application (0.4ms)
Completed 200 OK in 4ms (Views: 3.4ms | ActiveRecord: 0.0ms)


Started GET "/assets/application.css?body=1" for 127.0.0.1 at 2013-07-15 19:27:49 +1000


Started GET "/assets/jquery.js?body=1" for 127.0.0.1 at 2013-07-15 19:27:49 +1000


Started GET "/assets/turbolinks.js?body=1" for 127.0.0.1 at 2013-07-15 19:27:49 +1000


Started GET "/assets/jquery_ujs.js?body=1" for 127.0.0.1 at 2013-07-15 19:27:49 +1000


Started GET "/assets/application.js?body=1" for 127.0.0.1 at 2013-07-15 19:27:49 +1000


Started GET "/?first_name=ben&last_name=askins" for 127.0.0.1 at 2013-07-15 20:07:56 +1000
Processing by WelcomeController#index as HTML
  Parameters: {"first_name"=>"ben", "last_name"=>"askins"}
  Rendered welcome/index.html.erb within layouts/application (0.1ms)
Completed 200 OK in 4ms (Views: 3.3ms | ActiveRecord: 0.0ms)


Started GET "/assets/application.css?body=1" for 127.0.0.1 at 2013-07-15 20:07:56 +1000


Started GET "/assets/turbolinks.js?body=1" for 127.0.0.1 at 2013-07-15 20:07:56 +1000


Started GET "/assets/jquery.js?body=1" for 127.0.0.1 at 2013-07-15 20:07:56 +1000


Started GET "/assets/jquery_ujs.js?body=1" for 127.0.0.1 at 2013-07-15 20:07:56 +1000


Started GET "/assets/application.js?body=1" for 127.0.0.1 at 2013-07-15 20:07:56 +1000


Started GET "/?first_name=ben&last_name=askins" for 127.0.0.1 at 2013-07-15 20:08:26 +1000
Processing by WelcomeController#index as HTML
  Parameters: {"first_name"=>"ben", "last_name"=>"askins"}
  Rendered welcome/index.html.erb within layouts/application (0.1ms)
Completed 200 OK in 4ms (Views: 3.2ms | ActiveRecord: 0.0ms)


Started GET "/assets/application.css?body=1" for 127.0.0.1 at 2013-07-15 20:08:26 +1000


Started GET "/assets/jquery.js?body=1" for 127.0.0.1 at 2013-07-15 20:08:26 +1000


Started GET "/assets/jquery_ujs.js?body=1" for 127.0.0.1 at 2013-07-15 20:08:26 +1000


Started GET "/assets/application.js?body=1" for 127.0.0.1 at 2013-07-15 20:08:26 +1000


Started GET "/assets/turbolinks.js?body=1" for 127.0.0.1 at 2013-07-15 20:08:26 +1000


Started GET "/?first_name=ben&last_name=askins" for 127.0.0.1 at 2013-07-15 20:09:26 +1000
Processing by WelcomeController#index as HTML
  Parameters: {"first_name"=>"ben", "last_name"=>"askins"}
  Rendered welcome/index.html.erb within layouts/application (0.4ms)
Completed 200 OK in 4ms (Views: 3.6ms | ActiveRecord: 0.0ms)


Started GET "/assets/application.css?body=1" for 127.0.0.1 at 2013-07-15 20:09:26 +1000


Started GET "/assets/jquery.js?body=1" for 127.0.0.1 at 2013-07-15 20:09:26 +1000


Started GET "/assets/turbolinks.js?body=1" for 127.0.0.1 at 2013-07-15 20:09:26 +1000


Started GET "/assets/jquery_ujs.js?body=1" for 127.0.0.1 at 2013-07-15 20:09:26 +1000


Started GET "/assets/application.js?body=1" for 127.0.0.1 at 2013-07-15 20:09:26 +1000


Started GET "/?first_name=tanya&last_name=bradshaw" for 127.0.0.1 at 2013-07-15 20:09:34 +1000
Processing by WelcomeController#index as HTML
  Parameters: {"first_name"=>"tanya", "last_name"=>"bradshaw"}
  Rendered welcome/index.html.erb within layouts/application (0.1ms)
Completed 200 OK in 3ms (Views: 3.0ms | ActiveRecord: 0.0ms)


Started GET "/assets/application.css?body=1" for 127.0.0.1 at 2013-07-15 20:09:34 +1000


Started GET "/assets/turbolinks.js?body=1" for 127.0.0.1 at 2013-07-15 20:09:34 +1000


Started GET "/assets/jquery.js?body=1" for 127.0.0.1 at 2013-07-15 20:09:34 +1000


Started GET "/assets/jquery_ujs.js?body=1" for 127.0.0.1 at 2013-07-15 20:09:34 +1000


Started GET "/assets/application.js?body=1" for 127.0.0.1 at 2013-07-15 20:09:34 +1000


Started GET "/?first_name=tanya&last_name=bradshaw" for 127.0.0.1 at 2013-07-15 20:11:56 +1000
Processing by WelcomeController#index as HTML
  Parameters: {"first_name"=>"tanya", "last_name"=>"bradshaw"}
  Rendered welcome/index.html.erb within layouts/application (0.1ms)
Completed 200 OK in 3ms (Views: 2.9ms | ActiveRecord: 0.0ms)


Started GET "/assets/application.css?body=1" for 127.0.0.1 at 2013-07-15 20:11:56 +1000


Started GET "/assets/application.js?body=1" for 127.0.0.1 at 2013-07-15 20:11:56 +1000


Started GET "/assets/jquery.js?body=1" for 127.0.0.1 at 2013-07-15 20:11:56 +1000


Started GET "/assets/jquery_ujs.js?body=1" for 127.0.0.1 at 2013-07-15 20:11:56 +1000


Started GET "/assets/turbolinks.js?body=1" for 127.0.0.1 at 2013-07-15 20:11:56 +1000


Started GET "/welcome/tanya/bradshaw" for 127.0.0.1 at 2013-07-15 20:13:59 +1000

ActionController::RoutingError (No route matches [GET] "/welcome/tanya/bradshaw"):
  actionpack (4.0.0) lib/action_dispatch/middleware/debug_exceptions.rb:21:in `call'
  actionpack (4.0.0) lib/action_dispatch/middleware/show_exceptions.rb:30:in `call'
  railties (4.0.0) lib/rails/rack/logger.rb:38:in `call_app'
  railties (4.0.0) lib/rails/rack/logger.rb:21:in `block in call'
  activesupport (4.0.0) lib/active_support/tagged_logging.rb:67:in `block in tagged'
  activesupport (4.0.0) lib/active_support/tagged_logging.rb:25:in `tagged'
  activesupport (4.0.0) lib/active_support/tagged_logging.rb:67:in `tagged'
  railties (4.0.0) lib/rails/rack/logger.rb:21:in `call'
  actionpack (4.0.0) lib/action_dispatch/middleware/request_id.rb:21:in `call'
  rack (1.5.2) lib/rack/methodoverride.rb:21:in `call'
  rack (1.5.2) lib/rack/runtime.rb:17:in `call'
  activesupport (4.0.0) lib/active_support/cache/strategy/local_cache.rb:83:in `call'
  rack (1.5.2) lib/rack/lock.rb:17:in `call'
  actionpack (4.0.0) lib/action_dispatch/middleware/static.rb:64:in `call'
  railties (4.0.0) lib/rails/engine.rb:511:in `call'
  railties (4.0.0) lib/rails/application.rb:97:in `call'
  rack (1.5.2) lib/rack/lock.rb:17:in `call'
  rack (1.5.2) lib/rack/content_length.rb:14:in `call'
  rack (1.5.2) lib/rack/handler/webrick.rb:60:in `service'
  /Users/tanyas/.rvm/rubies/ruby-2.0.0-p195/lib/ruby/2.0.0/webrick/httpserver.rb:138:in `service'
  /Users/tanyas/.rvm/rubies/ruby-2.0.0-p195/lib/ruby/2.0.0/webrick/httpserver.rb:94:in `run'
  /Users/tanyas/.rvm/rubies/ruby-2.0.0-p195/lib/ruby/2.0.0/webrick/server.rb:295:in `block in start_thread'


  Rendered /Users/tanyas/.rvm/gems/ruby-2.0.0-p195/gems/actionpack-4.0.0/lib/action_dispatch/middleware/templates/rescues/_trace.erb (1.0ms)
  Rendered /Users/tanyas/.rvm/gems/ruby-2.0.0-p195/gems/actionpack-4.0.0/lib/action_dispatch/middleware/templates/routes/_route.html.erb (0.8ms)
  Rendered /Users/tanyas/.rvm/gems/ruby-2.0.0-p195/gems/actionpack-4.0.0/lib/action_dispatch/middleware/templates/routes/_table.html.erb (1.0ms)
  Rendered /Users/tanyas/.rvm/gems/ruby-2.0.0-p195/gems/actionpack-4.0.0/lib/action_dispatch/middleware/templates/rescues/routing_error.erb within rescues/layout (15.2ms)


Started GET "/welcome/tanya/bradshaw" for 127.0.0.1 at 2013-07-15 20:14:52 +1000
Processing by WelcomeController#index as HTML
  Parameters: {"first_name"=>"tanya", "last_name"=>"bradshaw"}
  Rendered welcome/index.html.erb within layouts/application (0.1ms)
Completed 200 OK in 4ms (Views: 3.2ms | ActiveRecord: 0.0ms)


Started GET "/assets/jquery.js?body=1" for 127.0.0.1 at 2013-07-15 20:14:52 +1000


Started GET "/assets/application.css?body=1" for 127.0.0.1 at 2013-07-15 20:14:52 +1000


Started GET "/assets/application.js?body=1" for 127.0.0.1 at 2013-07-15 20:14:52 +1000


Started GET "/assets/turbolinks.js?body=1" for 127.0.0.1 at 2013-07-15 20:14:52 +1000


Started GET "/assets/jquery_ujs.js?body=1" for 127.0.0.1 at 2013-07-15 20:14:52 +1000


Started GET "/welcome/tanya/sager" for 127.0.0.1 at 2013-07-15 20:15:25 +1000
Processing by WelcomeController#index as HTML
  Parameters: {"first_name"=>"tanya", "last_name"=>"sager"}
  Rendered welcome/index.html.erb within layouts/application (0.1ms)
Completed 200 OK in 4ms (Views: 3.4ms | ActiveRecord: 0.0ms)


Started GET "/assets/application.css?body=1" for 127.0.0.1 at 2013-07-15 20:15:25 +1000


Started GET "/assets/jquery.js?body=1" for 127.0.0.1 at 2013-07-15 20:15:25 +1000


Started GET "/assets/jquery_ujs.js?body=1" for 127.0.0.1 at 2013-07-15 20:15:25 +1000


Started GET "/assets/turbolinks.js?body=1" for 127.0.0.1 at 2013-07-15 20:15:25 +1000


Started GET "/assets/application.js?body=1" for 127.0.0.1 at 2013-07-15 20:15:25 +1000
  [1m[36m (0.8ms)[0m  [1mCREATE TABLE "schema_migrations" ("version" varchar(255) NOT NULL) [0m
  [1m[35m (0.8ms)[0m  CREATE UNIQUE INDEX "unique_schema_migrations" ON "schema_migrations" ("version")
  [1m[36mActiveRecord::SchemaMigration Load (0.1ms)[0m  [1mSELECT "schema_migrations".* FROM "schema_migrations"[0m
Migrating to CreateBooks (20130715103337)
  [1m[35m (0.0ms)[0m  begin transaction
  [1m[36m (0.3ms)[0m  [1mCREATE TABLE "books" ("id" INTEGER PRIMARY KEY AUTOINCREMENT NOT NULL, "title" varchar(255), "description" text, "author" varchar(255), "created_at" datetime, "updated_at" datetime) [0m
  [1m[35mSQL (0.1ms)[0m  INSERT INTO "schema_migrations" ("version") VALUES (?)  [["version", "20130715103337"]]
  [1m[36m (0.8ms)[0m  [1mcommit transaction[0m
  [1m[35mActiveRecord::SchemaMigration Load (0.1ms)[0m  SELECT "schema_migrations".* FROM "schema_migrations"


Started GET "/welcome/tanya/sager" for 127.0.0.1 at 2013-07-15 20:35:46 +1000
  [1m[36mActiveRecord::SchemaMigration Load (0.1ms)[0m  [1mSELECT "schema_migrations".* FROM "schema_migrations"[0m
Processing by WelcomeController#index as HTML
  Parameters: {"first_name"=>"tanya", "last_name"=>"sager"}
  Rendered welcome/index.html.erb within layouts/application (0.5ms)
Completed 200 OK in 141ms (Views: 139.9ms | ActiveRecord: 0.0ms)


Started GET "/assets/books.css?body=1" for 127.0.0.1 at 2013-07-15 20:35:46 +1000


Started GET "/assets/jquery.js?body=1" for 127.0.0.1 at 2013-07-15 20:35:46 +1000


Started GET "/assets/books.js?body=1" for 127.0.0.1 at 2013-07-15 20:35:46 +1000


Started GET "/assets/scaffolds.css?body=1" for 127.0.0.1 at 2013-07-15 20:35:46 +1000


Started GET "/assets/application.css?body=1" for 127.0.0.1 at 2013-07-15 20:35:46 +1000


Started GET "/assets/jquery_ujs.js?body=1" for 127.0.0.1 at 2013-07-15 20:35:46 +1000


Started GET "/assets/turbolinks.js?body=1" for 127.0.0.1 at 2013-07-15 20:35:46 +1000


Started GET "/assets/application.js?body=1" for 127.0.0.1 at 2013-07-15 20:35:46 +1000


Started GET "/welcome/tanya/sager" for 127.0.0.1 at 2013-07-15 20:35:47 +1000
Processing by WelcomeController#index as HTML
  Parameters: {"first_name"=>"tanya", "last_name"=>"sager"}
  Rendered welcome/index.html.erb within layouts/application (0.1ms)
Completed 200 OK in 5ms (Views: 4.2ms | ActiveRecord: 0.0ms)


Started GET "/assets/application.css?body=1" for 127.0.0.1 at 2013-07-15 20:35:47 +1000


Started GET "/assets/books.css?body=1" for 127.0.0.1 at 2013-07-15 20:35:47 +1000


Started GET "/assets/scaffolds.css?body=1" for 127.0.0.1 at 2013-07-15 20:35:47 +1000


Started GET "/assets/jquery_ujs.js?body=1" for 127.0.0.1 at 2013-07-15 20:35:47 +1000


Started GET "/assets/turbolinks.js?body=1" for 127.0.0.1 at 2013-07-15 20:35:47 +1000


Started GET "/assets/books.js?body=1" for 127.0.0.1 at 2013-07-15 20:35:47 +1000


Started GET "/assets/jquery.js?body=1" for 127.0.0.1 at 2013-07-15 20:35:47 +1000


Started GET "/assets/application.js?body=1" for 127.0.0.1 at 2013-07-15 20:35:47 +1000


Started GET "/books" for 127.0.0.1 at 2013-07-15 20:35:49 +1000
Processing by BooksController#index as HTML
  [1m[35mBook Load (0.1ms)[0m  SELECT "books".* FROM "books"
  Rendered books/index.html.erb within layouts/application (2.1ms)
Completed 200 OK in 9ms (Views: 6.2ms | ActiveRecord: 0.3ms)


Started GET "/assets/application.css?body=1" for 127.0.0.1 at 2013-07-15 20:35:49 +1000


Started GET "/assets/turbolinks.js?body=1" for 127.0.0.1 at 2013-07-15 20:35:49 +1000


Started GET "/assets/jquery.js?body=1" for 127.0.0.1 at 2013-07-15 20:35:49 +1000


Started GET "/assets/jquery_ujs.js?body=1" for 127.0.0.1 at 2013-07-15 20:35:49 +1000


Started GET "/assets/books.js?body=1" for 127.0.0.1 at 2013-07-15 20:35:49 +1000


Started GET "/assets/scaffolds.css?body=1" for 127.0.0.1 at 2013-07-15 20:35:49 +1000


Started GET "/assets/books.css?body=1" for 127.0.0.1 at 2013-07-15 20:35:49 +1000


Started GET "/assets/application.js?body=1" for 127.0.0.1 at 2013-07-15 20:35:49 +1000


Started GET "/books/new" for 127.0.0.1 at 2013-07-15 20:37:31 +1000
Processing by BooksController#new as HTML
  Rendered books/_form.html.erb (24.1ms)
  Rendered books/new.html.erb within layouts/application (25.8ms)
Completed 200 OK in 31ms (Views: 29.8ms | ActiveRecord: 0.1ms)


Started POST "/books" for 127.0.0.1 at 2013-07-15 20:38:03 +1000
Processing by BooksController#create as HTML
  Parameters: {"utf8"=>"✓", "authenticity_token"=>"FoSjz36qQV8Az329h74cZvYvO9AmIVMrNU+mTCz5Dl8=", "book"=>{"title"=>"Green Eggs & Ham", "description"=>"", "author"=>"Dr Seuss"}, "commit"=>"Create Book"}
  [1m[36m (0.1ms)[0m  [1mbegin transaction[0m
  [1m[35mSQL (4.1ms)[0m  INSERT INTO "books" ("author", "created_at", "description", "title", "updated_at") VALUES (?, ?, ?, ?, ?)  [["author", "Dr Seuss"], ["created_at", Mon, 15 Jul 2013 10:38:03 UTC +00:00], ["description", ""], ["title", "Green Eggs & Ham"], ["updated_at", Mon, 15 Jul 2013 10:38:03 UTC +00:00]]
  [1m[36m (0.6ms)[0m  [1mcommit transaction[0m
Redirected to http://localhost:3000/books/1
Completed 302 Found in 9ms (ActiveRecord: 4.8ms)


Started GET "/books/1" for 127.0.0.1 at 2013-07-15 20:38:03 +1000
Processing by BooksController#show as HTML
  Parameters: {"id"=>"1"}
  [1m[35mBook Load (0.2ms)[0m  SELECT "books".* FROM "books" WHERE "books"."id" = ? LIMIT 1  [["id", "1"]]
  Rendered books/show.html.erb within layouts/application (0.9ms)
Completed 200 OK in 7ms (Views: 5.1ms | ActiveRecord: 0.2ms)


Started GET "/assets/application.css?body=1" for 127.0.0.1 at 2013-07-15 20:38:03 +1000


Started GET "/assets/scaffolds.css?body=1" for 127.0.0.1 at 2013-07-15 20:38:03 +1000


Started GET "/assets/books.css?body=1" for 127.0.0.1 at 2013-07-15 20:38:03 +1000


Started GET "/assets/jquery.js?body=1" for 127.0.0.1 at 2013-07-15 20:38:03 +1000


Started GET "/assets/books.js?body=1" for 127.0.0.1 at 2013-07-15 20:38:03 +1000


Started GET "/assets/jquery_ujs.js?body=1" for 127.0.0.1 at 2013-07-15 20:38:03 +1000


Started GET "/assets/turbolinks.js?body=1" for 127.0.0.1 at 2013-07-15 20:38:03 +1000


Started GET "/assets/application.js?body=1" for 127.0.0.1 at 2013-07-15 20:38:03 +1000


Started GET "/books" for 127.0.0.1 at 2013-07-15 20:38:08 +1000
Processing by BooksController#index as HTML
  [1m[36mBook Load (0.2ms)[0m  [1mSELECT "books".* FROM "books"[0m
  Rendered books/index.html.erb within layouts/application (2.1ms)
Completed 200 OK in 7ms (Views: 6.6ms | ActiveRecord: 0.2ms)


Started GET "/books/new" for 127.0.0.1 at 2013-07-15 20:38:17 +1000
Processing by BooksController#new as HTML
  Rendered books/_form.html.erb (2.7ms)
  Rendered books/new.html.erb within layouts/application (3.6ms)
Completed 200 OK in 8ms (Views: 7.6ms | ActiveRecord: 0.0ms)


Started POST "/books" for 127.0.0.1 at 2013-07-15 20:38:28 +1000
Processing by BooksController#create as HTML
  Parameters: {"utf8"=>"✓", "authenticity_token"=>"FoSjz36qQV8Az329h74cZvYvO9AmIVMrNU+mTCz5Dl8=", "book"=>{"title"=>"Cat In The Hat", "description"=>"", "author"=>"Dr Seuss"}, "commit"=>"Create Book"}
  [1m[35m (0.1ms)[0m  begin transaction
  [1m[36mSQL (0.4ms)[0m  [1mINSERT INTO "books" ("author", "created_at", "description", "title", "updated_at") VALUES (?, ?, ?, ?, ?)[0m  [["author", "Dr Seuss"], ["created_at", Mon, 15 Jul 2013 10:38:28 UTC +00:00], ["description", ""], ["title", "Cat In The Hat"], ["updated_at", Mon, 15 Jul 2013 10:38:28 UTC +00:00]]
  [1m[35m (0.5ms)[0m  commit transaction
Redirected to http://localhost:3000/books/2
Completed 302 Found in 3ms (ActiveRecord: 1.0ms)


Started GET "/books/2" for 127.0.0.1 at 2013-07-15 20:38:28 +1000
Processing by BooksController#show as HTML
  Parameters: {"id"=>"2"}
  [1m[36mBook Load (0.1ms)[0m  [1mSELECT "books".* FROM "books" WHERE "books"."id" = ? LIMIT 1[0m  [["id", "2"]]
  Rendered books/show.html.erb within layouts/application (0.3ms)
Completed 200 OK in 5ms (Views: 3.9ms | ActiveRecord: 0.1ms)


Started GET "/assets/books.css?body=1" for 127.0.0.1 at 2013-07-15 20:38:28 +1000


Started GET "/assets/application.css?body=1" for 127.0.0.1 at 2013-07-15 20:38:28 +1000


Started GET "/assets/scaffolds.css?body=1" for 127.0.0.1 at 2013-07-15 20:38:28 +1000


Started GET "/assets/jquery.js?body=1" for 127.0.0.1 at 2013-07-15 20:38:28 +1000


Started GET "/assets/jquery_ujs.js?body=1" for 127.0.0.1 at 2013-07-15 20:38:28 +1000


Started GET "/assets/books.js?body=1" for 127.0.0.1 at 2013-07-15 20:38:28 +1000


Started GET "/assets/turbolinks.js?body=1" for 127.0.0.1 at 2013-07-15 20:38:28 +1000


Started GET "/assets/application.js?body=1" for 127.0.0.1 at 2013-07-15 20:38:28 +1000


Started GET "/books" for 127.0.0.1 at 2013-07-15 20:38:30 +1000
Processing by BooksController#index as HTML
  [1m[35mBook Load (0.1ms)[0m  SELECT "books".* FROM "books"
  Rendered books/index.html.erb within layouts/application (1.2ms)
Completed 200 OK in 5ms (Views: 4.5ms | ActiveRecord: 0.1ms)


Started GET "/books/1" for 127.0.0.1 at 2013-07-15 20:45:06 +1000
Processing by BooksController#show as HTML
  Parameters: {"id"=>"1"}
  [1m[36mBook Load (0.1ms)[0m  [1mSELECT "books".* FROM "books" WHERE "books"."id" = ? LIMIT 1[0m  [["id", "1"]]
  Rendered books/show.html.erb within layouts/application (0.9ms)
Completed 200 OK in 6ms (Views: 4.8ms | ActiveRecord: 0.1ms)
  [1m[36mBook Load (1.5ms)[0m  [1mSELECT "books".* FROM "books" WHERE "books"."id" = ? LIMIT 1[0m  [["id", 1]]
  [1m[35m (0.1ms)[0m  begin transaction
  [1m[36mSQL (0.5ms)[0m  [1mUPDATE "books" SET "title" = ?, "updated_at" = ? WHERE "books"."id" = 1[0m  [["title", "One Fish"], ["updated_at", Mon, 15 Jul 2013 10:52:55 UTC +00:00]]
  [1m[35m (7.1ms)[0m  commit transaction
  [1m[36m (0.1ms)[0m  [1mbegin transaction[0m
  [1m[35m (0.1ms)[0m  commit transaction
